<?xml version="1.0" encoding="UTF-8"?>
<!-- Generated by org.testng.reporters.JUnitXMLReporter -->
<testsuite hostname="PREMANANDRAJA" ignored="0" name="Surefire test" tests="6" failures="0" timestamp="2019-11-08T00:26:52 IST" time="0.07" errors="0">
  <testcase name="appBrow" time="0.008" classname="qaclickacademy.appiumTest"/>
  <testcase name="appweb" time="0.0" classname="qaclickacademy.appiumTest"/>
  <testcase name="Browser" time="0.001" classname="qaclickacademy.RestTest"/>
  <testcase name="web" time="0.001" classname="qaclickacademy.RestTest"/>
  <testcase name="Brow" time="0.0" classname="qaclickacademy.seleniumTest"/>
  <testcase name="website" time="0.0" classname="qaclickacademy.seleniumTest"/>
</testsuite> <!-- Surefire test -->
