<?xml version="1.0" encoding="UTF-8"?>
<testng-results skipped="0" failed="0" ignored="0" total="2" passed="2">
  <reporter-output>
  </reporter-output>
  <suite name="Appium" duration-ms="57" started-at="2019-11-08T01:18:14 IST" finished-at="2019-11-08T01:18:15 IST">
    <groups>
    </groups>
    <test name="Testfolder1" duration-ms="57" started-at="2019-11-08T01:18:14 IST" finished-at="2019-11-08T01:18:15 IST">
      <class name="qaclickacademy.appiumTest">
        <test-method status="PASS" signature="appBrow()[pri:0, instance:qaclickacademy.appiumTest@1bce4f0a]" name="appBrow" duration-ms="9" started-at="2019-11-08T01:18:14 IST" finished-at="2019-11-08T01:18:15 IST">
          <reporter-output>
          </reporter-output>
        </test-method> <!-- appBrow -->
        <test-method status="PASS" signature="appweb()[pri:0, instance:qaclickacademy.appiumTest@1bce4f0a]" name="appweb" duration-ms="1" started-at="2019-11-08T01:18:15 IST" finished-at="2019-11-08T01:18:15 IST">
          <reporter-output>
          </reporter-output>
        </test-method> <!-- appweb -->
      </class> <!-- qaclickacademy.appiumTest -->
    </test> <!-- Testfolder1 -->
  </suite> <!-- Appium -->
</testng-results>
